2025-12-29 15:52:11,088 - Database - ERROR - DB Maintenance Failed: cannot VACUUM from within a transaction
2025-12-29 15:52:15,949 - TelegramController - INFO - Telegram Polling Started...
2025-12-29 15:54:41,587 - Context - INFO - Context stopping...
2025-12-29 15:55:43,982 - Main - INFO - 🚀 Nifty Option Bot Starting Up...
2025-12-29 15:55:44,020 - Database - INFO - ✅ Database connected: nifty_bot.db
2025-12-29 15:55:44,166 - PaperBroker - WARNING - ⚠️ PaperBroker running in BLIND MODE (No Data Feed). Strategy will not function correctly.
2025-12-29 15:55:44,166 - Context - INFO - 🧪 EXECUTION MODE: PAPER (Live Data / Fake Money)
2025-12-29 15:55:44,166 - Context - INFO - Context Loaded: Mode=PAPER | Status=ACTIVE ✅ | Strat: Tgt 40.0 / SL 20.0
2025-12-29 15:55:44,264 - Reconciliation - INFO - ♻️ Starting Reconciliation (Mode: paper)...
2025-12-29 15:55:44,264 - Reconciliation - INFO - ℹ️ DB Memory: No trades recorded today. Fresh start.
2025-12-29 15:55:44,266 - TelegramController - INFO - Telegram Polling Started...
2025-12-29 15:55:45,924 - Main - INFO - ✅ Telegram Bot Online.
2025-12-29 15:55:46,029 - Main - INFO - ⏰ Scheduler Started (Token Reminder @ 08:30, Daily Report @ 10:05).
2025-12-29 15:55:46,029 - Main - INFO - 🟢 System Ready. Mode: PAPER
2025-12-29 15:59:35,633 - Main - INFO - 🛑 Shutdown Signal Received. Cleaning up...
2025-12-29 15:59:35,633 - Context - INFO - Context stopping...
2025-12-29 15:59:50,793 - Main - INFO - 🚀 Nifty Option Bot Starting Up...
2025-12-29 15:59:50,797 - Database - INFO - ✅ Database connected: nifty_bot.db
2025-12-29 15:59:50,869 - PaperBroker - WARNING - ⚠️ PaperBroker running in BLIND MODE (No Data Feed). Strategy will not function correctly.
2025-12-29 15:59:50,869 - Context - INFO - 🧪 EXECUTION MODE: PAPER (Live Data / Fake Money)
2025-12-29 15:59:50,869 - Context - INFO - Context Loaded: Mode=PAPER | Status=ACTIVE ✅ | Strat: Tgt 40.0 / SL 20.0
2025-12-29 15:59:50,992 - Reconciliation - INFO - ♻️ Starting Reconciliation (Mode: paper)...
2025-12-29 15:59:50,994 - Reconciliation - INFO - ℹ️ DB Memory: No trades recorded today. Fresh start.
2025-12-29 15:59:50,996 - TelegramController - INFO - Telegram Polling Started...
2025-12-29 15:59:52,832 - Main - INFO - ✅ Telegram Bot Online.
2025-12-29 15:59:53,048 - Main - INFO - ⏰ Scheduler Started (Token Reminder @ 08:30, Daily Report @ 10:05).
2025-12-29 15:59:54,724 - Main - INFO - 🟢 System Ready. Mode: PAPER
2025-12-29 16:00:37,545 - Main - INFO - 🛑 Shutdown Signal Received. Cleaning up...
2025-12-29 16:00:37,545 - Context - INFO - Context stopping...
